#
# There is insufficient memory for the Java Runtime Environment to continue.
# Native memory allocation (mmap) failed to map 117440512 bytes for Failed to commit area from 0x0000000091000000 to 0x0000000098000000 of length 117440512.
# Possible reasons:
#   The system is out of physical RAM or swap space
#   The process is running with CompressedOops enabled, and the Java Heap may be blocking the growth of the native heap
# Possible solutions:
#   Reduce memory load on the system
#   Increase physical memory or swap space
#   Check if swap backing store is full
#   Decrease Java heap size (-Xmx/-Xms)
#   Decrease number of Java threads
#   Decrease Java thread stack sizes (-Xss)
#   Set larger code cache with -XX:ReservedCodeCacheSize=
# This output file may be truncated or incomplete.
#
#  Out of Memory Error (src/hotspot/os/windows/os_windows.cpp:3624), pid=20848, tid=14260
#
# JRE version:  (11.0.14.1+1) (build )
# Java VM: OpenJDK 64-Bit Server VM (11.0.14.1+1-b2043.45, mixed mode, sharing, tiered, compressed oops, g1 gc, windows-amd64)
# No core dump will be written. Minidumps are not enabled by default on client versions of Windows
#

---------------  S U M M A R Y ------------

Command Line: git4idea.http.GitAskPassApp Username for 'https://github.com': 

Host: AMD Ryzen 7 3700U with Radeon Vega Mobile Gfx  , 8 cores, 6G,  Windows 11 , 64 bit Build 22000 (10.0.22000.675)
Time: Tue May 24 18:11:48 2022 ora legale Europa occidentale elapsed time: 0.016224 seconds (0d 0h 0m 0s)

---------------  T H R E A D  ---------------

Current thread (0x000002bd83395000):  JavaThread "Unknown thread" [_thread_in_vm, id=14260, stack(0x000000d826000000,0x000000d826100000)]

Stack: [0x000000d826000000,0x000000d826100000]
Native frames: (J=compiled Java code, j=interpreted, Vv=VM code, C=native code)
V  [jvm.dll+0x61618a]
V  [jvm.dll+0x79c450]
V  [jvm.dll+0x79da6d]
V  [jvm.dll+0x79e143]
V  [jvm.dll+0x24c968]
V  [jvm.dll+0x6131f4]
V  [jvm.dll+0x607ef5]
V  [jvm.dll+0x30b35b]
V  [jvm.dll+0x30b2ca]
V  [jvm.dll+0x30b1a2]
V  [jvm.dll+0x3100f6]
V  [jvm.dll+0x35b7e3]
V  [jvm.dll+0x35bee6]
V  [jvm.dll+0x35b8e3]
V  [jvm.dll+0x2e5b68]
V  [jvm.dll+0x2e6d17]
V  [jvm.dll+0x779087]
V  [jvm.dll+0x77a87c]
V  [jvm.dll+0x368d99]
V  [jvm.dll+0x75c9de]
V  [jvm.dll+0x3d6d53]
V  [jvm.dll+0x3d92f1]
C  [jli.dll+0x536b]
C  [ucrtbase.dll+0x26c0c]
C  [KERNEL32.DLL+0x154e0]
C  [ntdll.dll+0x485b]


---------------  P R O C E S S  ---------------

Threads class SMR info:
_java_thread_list=0x000002bd81232c10, length=0, elements={
}

Java Threads: ( => current thread )

Other Threads:
  0x000002bd833aa800 GCTaskThread "GC Thread#0" [stack: 0x000000d826100000,0x000000d826200000] [id=7136]
  0x000002bd833d4800 ConcurrentGCThread "G1 Main Marker" [stack: 0x000000d826200000,0x000000d826300000] [id=17992]
  0x000002bd833d6000 ConcurrentGCThread "G1 Conc#0" [stack: 0x000000d826300000,0x000000d826400000] [id=9688]

[error occurred during error reporting (printing all threads), id 0xc0000005, EXCEPTION_ACCESS_VIOLATION (0xc0000005) at pc=0x00007ff930046177]

VM state:not at safepoint (not fully initialized)

VM Mutex/Monitor currently owned by a thread:  ([mutex/lock_event])
[0x000002bd8338f4f0] Heap_lock - owner thread: 0x000002bd83395000

Heap address: 0x0000000091000000, size: 1776 MB, Compressed Oops mode: Non-zero based: 0x0000000091000000
Narrow klass base: 0x0000000000000000, Narrow klass shift: 0

GC Heap History (0 events):
No events

Deoptimization events (0 events):
No events

Classes redefined (0 events):
No events

Internal exceptions (0 events):
No events

Events (1 events):
Event: 0.011 Loaded shared library C:\Program Files\JetBrains\PhpStorm 2022.1.1\jbr\bin\zip.dll


Dynamic libraries:
0x00007ff6b7ec0000 - 0x00007ff6b7eca000 	C:\Program Files\JetBrains\PhpStorm 2022.1.1\jbr\bin\java.exe
0x00007ff9cea40000 - 0x00007ff9cec49000 	C:\Windows\SYSTEM32\ntdll.dll
0x00007ff9cd8e0000 - 0x00007ff9cd99d000 	C:\Windows\System32\KERNEL32.DLL
0x00007ff9cc3f0000 - 0x00007ff9cc769000 	C:\Windows\System32\KERNELBASE.dll
0x00007ff9cc2d0000 - 0x00007ff9cc3e1000 	C:\Windows\System32\ucrtbase.dll
0x00007ff9a49e0000 - 0x00007ff9a49f6000 	C:\Program Files\JetBrains\PhpStorm 2022.1.1\jbr\bin\VCRUNTIME140.dll
0x00007ff9b68f0000 - 0x00007ff9b6909000 	C:\Program Files\JetBrains\PhpStorm 2022.1.1\jbr\bin\jli.dll
0x00007ff9ce240000 - 0x00007ff9ce3ec000 	C:\Windows\System32\USER32.dll
0x00007ff9b6f20000 - 0x00007ff9b71c5000 	C:\Windows\WinSxS\amd64_microsoft.windows.common-controls_6595b64144ccf1df_6.0.22000.120_none_9d947278b86cc467\COMCTL32.dll
0x00007ff9cbf30000 - 0x00007ff9cbf56000 	C:\Windows\System32\win32u.dll
0x00007ff9ce150000 - 0x00007ff9ce1f3000 	C:\Windows\System32\msvcrt.dll
0x00007ff9ccc80000 - 0x00007ff9ccca9000 	C:\Windows\System32\GDI32.dll
0x00007ff9cc0c0000 - 0x00007ff9cc1d2000 	C:\Windows\System32\gdi32full.dll
0x00007ff9cc020000 - 0x00007ff9cc0bd000 	C:\Windows\System32\msvcp_win.dll
0x00007ff9ce200000 - 0x00007ff9ce231000 	C:\Windows\System32\IMM32.DLL
0x00007ff97ea10000 - 0x00007ff97eaba000 	C:\Program Files\JetBrains\PhpStorm 2022.1.1\jbr\bin\msvcp140.dll
0x00007ff92fd50000 - 0x00007ff9308ca000 	C:\Program Files\JetBrains\PhpStorm 2022.1.1\jbr\bin\server\jvm.dll
0x00007ff9ccbd0000 - 0x00007ff9ccc7e000 	C:\Windows\System32\ADVAPI32.dll
0x00007ff9ccb20000 - 0x00007ff9ccbbe000 	C:\Windows\System32\sechost.dll
0x00007ff9ccfe0000 - 0x00007ff9cd100000 	C:\Windows\System32\RPCRT4.dll
0x00007ff9cdb00000 - 0x00007ff9cdb08000 	C:\Windows\System32\PSAPI.DLL
0x00007ff996a30000 - 0x00007ff996a39000 	C:\Windows\SYSTEM32\WSOCK32.dll
0x00007ff9c1c30000 - 0x00007ff9c1c3a000 	C:\Windows\SYSTEM32\VERSION.dll
0x00007ff9c66c0000 - 0x00007ff9c66f3000 	C:\Windows\SYSTEM32\WINMM.dll
0x00007ff9cc8e0000 - 0x00007ff9cc94f000 	C:\Windows\System32\WS2_32.dll
0x00007ff9cb030000 - 0x00007ff9cb048000 	C:\Windows\SYSTEM32\kernel.appcore.dll
0x00007ff9c7f40000 - 0x00007ff9c7f51000 	C:\Program Files\JetBrains\PhpStorm 2022.1.1\jbr\bin\verify.dll
0x00007ff9c97e0000 - 0x00007ff9c9a01000 	C:\Windows\SYSTEM32\DBGHELP.DLL
0x00007ff9b3a90000 - 0x00007ff9b3ac1000 	C:\Windows\SYSTEM32\dbgcore.DLL
0x00007ff9cc1e0000 - 0x00007ff9cc25f000 	C:\Windows\System32\bcryptPrimitives.dll
0x00007ff9bcf40000 - 0x00007ff9bcf69000 	C:\Program Files\JetBrains\PhpStorm 2022.1.1\jbr\bin\java.dll
0x00007ff9c7f30000 - 0x00007ff9c7f3b000 	C:\Program Files\JetBrains\PhpStorm 2022.1.1\jbr\bin\jimage.dll
0x00007ff9ad170000 - 0x00007ff9ad189000 	C:\Program Files\JetBrains\PhpStorm 2022.1.1\jbr\bin\zip.dll

dbghelp: loaded successfully - version: 4.0.5 - missing functions: none
symbol engine: initialized successfully - sym options: 0x614 - pdb path: .;C:\Program Files\JetBrains\PhpStorm 2022.1.1\jbr\bin;C:\Windows\SYSTEM32;C:\Windows\WinSxS\amd64_microsoft.windows.common-controls_6595b64144ccf1df_6.0.22000.120_none_9d947278b86cc467;C:\Program Files\JetBrains\PhpStorm 2022.1.1\jbr\bin\server

VM Arguments:
java_command: git4idea.http.GitAskPassApp Username for 'https://github.com': 
java_class_path (initial): C:/Program Files/JetBrains/PhpStorm 2022.1.1/plugins/git4idea/lib/git4idea-rt.jar;C:/Program Files/JetBrains/PhpStorm 2022.1.1/lib/externalProcess-rt.jar;C:/Program Files/JetBrains/PhpStorm 2022.1.1/lib/app.jar;C:/Program Files/JetBrains/PhpStorm 2022.1.1/lib/3rd-party-rt.jar
Launcher Type: SUN_STANDARD

[Global flags]
     intx CICompilerCount                          = 4                                         {product} {ergonomic}
     uint ConcGCThreads                            = 2                                         {product} {ergonomic}
     uint G1ConcRefinementThreads                  = 8                                         {product} {ergonomic}
   size_t G1HeapRegionSize                         = 1048576                                   {product} {ergonomic}
    uintx GCDrainStackTargetSize                   = 64                                        {product} {ergonomic}
   size_t InitialHeapSize                          = 117440512                                 {product} {ergonomic}
   size_t MarkStackSize                            = 4194304                                   {product} {ergonomic}
   size_t MaxHeapSize                              = 1862270976                                {product} {ergonomic}
   size_t MinHeapDeltaBytes                        = 1048576                                   {product} {ergonomic}
    uintx NonNMethodCodeHeapSize                   = 5836300                                {pd product} {ergonomic}
    uintx NonProfiledCodeHeapSize                  = 122910970                              {pd product} {ergonomic}
    uintx ProfiledCodeHeapSize                     = 122910970                              {pd product} {ergonomic}
    uintx ReservedCodeCacheSize                    = 251658240                              {pd product} {ergonomic}
     bool SegmentedCodeCache                       = true                                      {product} {ergonomic}
     bool UseCompressedClassPointers               = true                                 {lp64_product} {ergonomic}
     bool UseCompressedOops                        = true                                 {lp64_product} {ergonomic}
     bool UseG1GC                                  = true                                      {product} {ergonomic}
     bool UseLargePagesIndividualAllocation        = false                                  {pd product} {ergonomic}

Logging:
Log output configuration:
 #0: stdout all=warning uptime,level,tags
 #1: stderr all=off uptime,level,tags

Environment Variables:
PATH=C:/Program Files/Git/mingw64/libexec/git-core;C:/Program Files/Git/mingw64/libexec/git-core;C:\Program Files\Git\mingw64\bin;C:\Program Files\Git\usr\bin;C:\Users\giuse\bin;C:\Windows\system32;C:\Windows;C:\Windows\System32\Wbem;C:\Windows\System32\WindowsPowerShell\v1.0\;C:\Windows\System32\OpenSSH\;C:\ProgramData\ComposerSetup\bin;C:\Program Files\Git\cmd;C:\Program Files\TortoiseSVN\bin;C:\Program Files\MySQL\MySQL Shell 8.0\bin\;C:\Users\giuse\AppData\Local\Microsoft\WindowsApps;C:\Users\giuse\Desktop\php;C:\Users\giuse\AppData\Roaming\Composer\vendor\bin;C:\Users\giuse\AppData\Local\Programs\Microsoft VS Code\bin
USERNAME=giuse
DISPLAY=:0.0
LC_ALL=en_US.UTF-8
OS=Windows_NT
PROCESSOR_IDENTIFIER=AMD64 Family 23 Model 24 Stepping 1, AuthenticAMD



---------------  S Y S T E M  ---------------

OS: Windows 11 , 64 bit Build 22000 (10.0.22000.675)
OS uptime: 1 days 0:05 hours

CPU:total 8 (initial active 8) (8 cores per cpu, 2 threads per core) family 23 model 24 stepping 1 microcode 0x0, cmov, cx8, fxsr, mmx, sse, sse2, sse3, ssse3, sse4.1, sse4.2, popcnt, avx, avx2, aes, clmul, mmxext, 3dnowpref, lzcnt, sse4a, ht, tsc, tscinvbit, tscinv, bmi1, bmi2, adx, sha, fma

Memory: 4k page, system-wide physical 7103M (804M free)
TotalPageFile size 28607M (AvailPageFile size 108M)
current process WorkingSet (physical memory assigned to process): 10M, peak: 10M
current process commit charge ("private bytes"): 59M, peak: 171M

vm_info: OpenJDK 64-Bit Server VM (11.0.14.1+1-b2043.45) for windows-amd64 JRE (11.0.14.1+1-b2043.45), built on Apr 25 2022 05:49:45 by "" with MS VC++ 14.0 (VS2015)

END.
